<?xml version="1.0" encoding="UTF-8"?>
<!-- Generated by org.testng.reporters.JUnitReportReporter -->
<testsuite hostname="LAPTOP-H0VOD1U4" failures="0" tests="1" name="testscripts.SubcategoryTest" time="8.397" errors="0" timestamp="2025-03-04T15:25:26 GMT-05:00" skipped="0">
  <testcase classname="testscripts.SubcategoryTest" name="VerifyUserIsAbleToSearch" time="8.397"/>
</testsuite> <!-- testscripts.SubcategoryTest -->
