<?xml version="1.0" encoding="UTF-8"?>
<!-- Generated by org.testng.reporters.JUnitReportReporter -->
<testsuite hostname="LAPTOP-H0VOD1U4" failures="0" tests="1" name="testscripts.HomeTest" time="6.717" errors="0" timestamp="2025-03-03T14:02:19 GMT-05:00" skipped="0">
  <testcase classname="testscripts.HomeTest" name="verifyUserIsAbleToLogout" time="6.717"/>
</testsuite> <!-- testscripts.HomeTest -->
