<?xml version="1.0" encoding="UTF-8"?>
<!-- Generated by org.testng.reporters.JUnitReportReporter -->
<testsuite hostname="LAPTOP-H0VOD1U4" failures="0" tests="1" name="testscripts.AdminUserTest" time="8.533" errors="0" timestamp="2025-03-03T14:03:52 GMT-05:00" skipped="0">
  <testcase classname="testscripts.AdminUserTest" name="VerifyUserCanAddNewAdminUser" time="8.533"/>
</testsuite> <!-- testscripts.AdminUserTest -->
