<?xml version="1.0" encoding="UTF-8"?>
<!-- Generated by org.testng.reporters.JUnitReportReporter -->
<testsuite hostname="LAPTOP-H0VOD1U4" failures="0" tests="1" name="TestScript.HomeTest" time="10.049" errors="0" timestamp="2025-03-03T10:02:29 GMT-05:00" skipped="0">
  <testcase classname="TestScript.HomeTest" name="verifyUserIsAbleToLogout" time="10.049"/>
</testsuite> <!-- TestScript.HomeTest -->
