<?xml version="1.0" encoding="UTF-8"?>
<!-- Generated by org.testng.reporters.JUnitReportReporter -->
<testsuite hostname="LAPTOP-H0VOD1U4" failures="0" tests="1" name="TestScript.SubcategoryTest" time="12.013" errors="0" timestamp="2025-03-03T09:58:02 GMT-05:00" skipped="0">
  <testcase classname="TestScript.SubcategoryTest" name="VerifyUserIsAbleToSearch" time="12.013"/>
</testsuite> <!-- TestScript.SubcategoryTest -->
