<?xml version="1.0" encoding="UTF-8"?>
<!-- Generated by org.testng.reporters.JUnitReportReporter -->
<testsuite hostname="LAPTOP-H0VOD1U4" failures="0" tests="4" name="TestScript.LoginTest" time="17.780" errors="0" timestamp="2025-03-03T09:35:32 GMT-05:00" skipped="0">
  <testcase classname="TestScript.LoginTest" name="verifyUserLoginWithValidUsernameAndValidPassword" time="5.694"/>
  <testcase classname="TestScript.LoginTest" name="verifyUserLoginWithValidUsernameAndInvalidPassword" time="4.249"/>
  <testcase classname="TestScript.LoginTest" name="verifyUserLoginWithInvalidUsernameAndValidPassword" time="3.897"/>
  <testcase classname="TestScript.LoginTest" name="verifyUserLoginWithInvalidUsernameAndInvalidPassword" time="3.940"/>
</testsuite> <!-- TestScript.LoginTest -->
